{"D:\\Backend\\Super_Practice\\hello-prisma\\app.js": {"path":"D:\\Backend\\Super_Practice\\hello-prisma\\app.js","statementMap":{"0":{"start":{"line":2,"column":22},"end":{"line":2,"column":55}},"1":{"start":{"line":4,"column":24},"end":{"line":4,"column":58}},"2":{"start":{"line":6,"column":20},"end":{"line":6,"column":49}},"3":{"start":{"line":8,"column":15},"end":{"line":8,"column":32}},"4":{"start":{"line":11,"column":0},"end":{"line":11,"column":25}},"5":{"start":{"line":12,"column":16},"end":{"line":12,"column":34}},"6":{"start":{"line":13,"column":15},"end":{"line":13,"column":40}},"7":{"start":{"line":14,"column":23},"end":{"line":14,"column":51}},"8":{"start":{"line":17,"column":0},"end":{"line":19,"column":1}},"9":{"start":{"line":18,"column":4},"end":{"line":18,"column":103}},"10":{"start":{"line":22,"column":15},"end":{"line":22,"column":24}},"11":{"start":{"line":24,"column":0},"end":{"line":24,"column":29}},"12":{"start":{"line":26,"column":0},"end":{"line":26,"column":29}},"13":{"start":{"line":29,"column":0},"end":{"line":29,"column":26}},"14":{"start":{"line":31,"column":16},"end":{"line":45,"column":2}},"15":{"start":{"line":38,"column":8},"end":{"line":43,"column":11}},"16":{"start":{"line":46,"column":0},"end":{"line":46,"column":20}},"17":{"start":{"line":48,"column":0},"end":{"line":58,"column":2}},"18":{"start":{"line":49,"column":4},"end":{"line":51,"column":5}},"19":{"start":{"line":50,"column":8},"end":{"line":50,"column":22}},"20":{"start":{"line":52,"column":4},"end":{"line":56,"column":5}},"21":{"start":{"line":53,"column":8},"end":{"line":53,"column":72}},"22":{"start":{"line":55,"column":8},"end":{"line":55,"column":53}},"23":{"start":{"line":57,"column":4},"end":{"line":57,"column":11}},"24":{"start":{"line":60,"column":0},"end":{"line":62,"column":2}},"25":{"start":{"line":61,"column":4},"end":{"line":61,"column":42}},"26":{"start":{"line":65,"column":0},"end":{"line":65,"column":50}},"27":{"start":{"line":69,"column":0},"end":{"line":69,"column":39}},"28":{"start":{"line":71,"column":0},"end":{"line":71,"column":24}}},"fnMap":{"0":{"name":"(anonymous_0)","decl":{"start":{"line":37,"column":13},"end":{"line":37,"column":14}},"loc":{"start":{"line":37,"column":42},"end":{"line":44,"column":5}},"line":37},"1":{"name":"(anonymous_1)","decl":{"start":{"line":48,"column":11},"end":{"line":48,"column":12}},"loc":{"start":{"line":48,"column":27},"end":{"line":58,"column":1}},"line":48},"2":{"name":"(anonymous_2)","decl":{"start":{"line":60,"column":15},"end":{"line":60,"column":16}},"loc":{"start":{"line":60,"column":26},"end":{"line":62,"column":1}},"line":60}},"branchMap":{"0":{"loc":{"start":{"line":17,"column":0},"end":{"line":19,"column":1}},"type":"if","locations":[{"start":{"line":17,"column":0},"end":{"line":19,"column":1}},{"start":{},"end":{}}],"line":17},"1":{"loc":{"start":{"line":49,"column":4},"end":{"line":51,"column":5}},"type":"if","locations":[{"start":{"line":49,"column":4},"end":{"line":51,"column":5}},{"start":{},"end":{}}],"line":49},"2":{"loc":{"start":{"line":49,"column":7},"end":{"line":49,"column":72}},"type":"binary-expr","locations":[{"start":{"line":49,"column":7},"end":{"line":49,"column":36}},{"start":{"line":49,"column":40},"end":{"line":49,"column":72}}],"line":49},"3":{"loc":{"start":{"line":52,"column":4},"end":{"line":56,"column":5}},"type":"if","locations":[{"start":{"line":52,"column":4},"end":{"line":56,"column":5}},{"start":{"line":54,"column":9},"end":{"line":56,"column":5}}],"line":52}},"s":{"0":1,"1":1,"2":1,"3":1,"4":1,"5":1,"6":1,"7":1,"8":1,"9":0,"10":1,"11":1,"12":1,"13":1,"14":1,"15":0,"16":1,"17":1,"18":4,"19":3,"20":1,"21":1,"22":0,"23":1,"24":1,"25":0,"26":1,"27":1,"28":1},"f":{"0":0,"1":4,"2":0},"b":{"0":[0,1],"1":[3,1],"2":[4,2],"3":[1,0]},"_coverageSchema":"1a1c01bbd47fc00a2c39e90264f33305004495a9","hash":"1996be5eed01b8d268a41b04fec473e3c321dc3a"}
,"D:\\Backend\\Super_Practice\\hello-prisma\\prismaClient.js": {"path":"D:\\Backend\\Super_Practice\\hello-prisma\\prismaClient.js","statementMap":{"0":{"start":{"line":1,"column":0},"end":{"line":1,"column":25}},"1":{"start":{"line":2,"column":25},"end":{"line":2,"column":50}},"2":{"start":{"line":3,"column":21},"end":{"line":3,"column":50}},"3":{"start":{"line":5,"column":0},"end":{"line":7,"column":1}},"4":{"start":{"line":6,"column":2},"end":{"line":6,"column":100}},"5":{"start":{"line":9,"column":16},"end":{"line":9,"column":76}},"6":{"start":{"line":10,"column":15},"end":{"line":10,"column":44}},"7":{"start":{"line":12,"column":0},"end":{"line":12,"column":24}}},"fnMap":{},"branchMap":{"0":{"loc":{"start":{"line":5,"column":0},"end":{"line":7,"column":1}},"type":"if","locations":[{"start":{"line":5,"column":0},"end":{"line":7,"column":1}},{"start":{},"end":{}}],"line":5}},"s":{"0":1,"1":1,"2":1,"3":1,"4":0,"5":1,"6":1,"7":1},"f":{},"b":{"0":[0,1]},"_coverageSchema":"1a1c01bbd47fc00a2c39e90264f33305004495a9","hash":"3ae4b8201d4c759a3c48a4d27ce41eabb4d988cd"}
,"D:\\Backend\\Super_Practice\\hello-prisma\\controllers\\schoolController.js": {"path":"D:\\Backend\\Super_Practice\\hello-prisma\\controllers\\schoolController.js","statementMap":{"0":{"start":{"line":1,"column":15},"end":{"line":1,"column":41}},"1":{"start":{"line":3,"column":22},"end":{"line":6,"column":1}},"2":{"start":{"line":4,"column":18},"end":{"line":4,"column":48}},"3":{"start":{"line":5,"column":4},"end":{"line":5,"column":22}},"4":{"start":{"line":7,"column":24},"end":{"line":12,"column":1}},"5":{"start":{"line":8,"column":20},"end":{"line":10,"column":6}},"6":{"start":{"line":11,"column":4},"end":{"line":11,"column":24}},"7":{"start":{"line":13,"column":0},"end":{"line":16,"column":1}}},"fnMap":{"0":{"name":"(anonymous_0)","decl":{"start":{"line":3,"column":22},"end":{"line":3,"column":23}},"loc":{"start":{"line":3,"column":42},"end":{"line":6,"column":1}},"line":3},"1":{"name":"(anonymous_1)","decl":{"start":{"line":7,"column":24},"end":{"line":7,"column":25}},"loc":{"start":{"line":7,"column":44},"end":{"line":12,"column":1}},"line":7}},"branchMap":{},"s":{"0":1,"1":1,"2":0,"3":0,"4":1,"5":0,"6":0,"7":1},"f":{"0":0,"1":0},"b":{},"_coverageSchema":"1a1c01bbd47fc00a2c39e90264f33305004495a9","hash":"fd3913480632946408d15d07edd0385a643082b9"}
,"D:\\Backend\\Super_Practice\\hello-prisma\\controllers\\studentsController.js": {"path":"D:\\Backend\\Super_Practice\\hello-prisma\\controllers\\studentsController.js","statementMap":{"0":{"start":{"line":1,"column":15},"end":{"line":1,"column":41}},"1":{"start":{"line":2,"column":12},"end":{"line":2,"column":35}},"2":{"start":{"line":3,"column":15},"end":{"line":3,"column":32}},"3":{"start":{"line":5,"column":23},"end":{"line":13,"column":1}},"4":{"start":{"line":6,"column":4},"end":{"line":12,"column":5}},"5":{"start":{"line":7,"column":25},"end":{"line":7,"column":56}},"6":{"start":{"line":8,"column":8},"end":{"line":8,"column":34}},"7":{"start":{"line":10,"column":8},"end":{"line":10,"column":52}},"8":{"start":{"line":11,"column":8},"end":{"line":11,"column":72}},"9":{"start":{"line":14,"column":25},"end":{"line":36,"column":1}},"10":{"start":{"line":15,"column":4},"end":{"line":35,"column":5}},"11":{"start":{"line":16,"column":44},"end":{"line":16,"column":52}},"12":{"start":{"line":17,"column":8},"end":{"line":19,"column":9}},"13":{"start":{"line":18,"column":12},"end":{"line":18,"column":94}},"14":{"start":{"line":20,"column":31},"end":{"line":20,"column":62}},"15":{"start":{"line":21,"column":27},"end":{"line":27,"column":10}},"16":{"start":{"line":28,"column":8},"end":{"line":28,"column":48}},"17":{"start":{"line":30,"column":8},"end":{"line":32,"column":9}},"18":{"start":{"line":31,"column":12},"end":{"line":31,"column":85}},"19":{"start":{"line":33,"column":8},"end":{"line":33,"column":54}},"20":{"start":{"line":34,"column":8},"end":{"line":34,"column":72}},"21":{"start":{"line":37,"column":21},"end":{"line":66,"column":1}},"22":{"start":{"line":38,"column":4},"end":{"line":65,"column":5}},"23":{"start":{"line":39,"column":35},"end":{"line":39,"column":43}},"24":{"start":{"line":40,"column":8},"end":{"line":42,"column":9}},"25":{"start":{"line":41,"column":12},"end":{"line":41,"column":85}},"26":{"start":{"line":43,"column":24},"end":{"line":43,"column":76}},"27":{"start":{"line":44,"column":8},"end":{"line":46,"column":9}},"28":{"start":{"line":45,"column":12},"end":{"line":45,"column":72}},"29":{"start":{"line":47,"column":24},"end":{"line":47,"column":72}},"30":{"start":{"line":48,"column":8},"end":{"line":50,"column":9}},"31":{"start":{"line":49,"column":12},"end":{"line":49,"column":71}},"32":{"start":{"line":51,"column":8},"end":{"line":54,"column":9}},"33":{"start":{"line":52,"column":12},"end":{"line":52,"column":48}},"34":{"start":{"line":53,"column":12},"end":{"line":53,"column":78}},"35":{"start":{"line":55,"column":24},"end":{"line":59,"column":9}},"36":{"start":{"line":60,"column":22},"end":{"line":60,"column":84}},"37":{"start":{"line":61,"column":8},"end":{"line":61,"column":70}},"38":{"start":{"line":63,"column":8},"end":{"line":63,"column":50}},"39":{"start":{"line":64,"column":8},"end":{"line":64,"column":72}},"40":{"start":{"line":67,"column":0},"end":{"line":71,"column":1}}},"fnMap":{"0":{"name":"(anonymous_0)","decl":{"start":{"line":5,"column":23},"end":{"line":5,"column":24}},"loc":{"start":{"line":5,"column":43},"end":{"line":13,"column":1}},"line":5},"1":{"name":"(anonymous_1)","decl":{"start":{"line":14,"column":25},"end":{"line":14,"column":26}},"loc":{"start":{"line":14,"column":45},"end":{"line":36,"column":1}},"line":14},"2":{"name":"(anonymous_2)","decl":{"start":{"line":37,"column":21},"end":{"line":37,"column":22}},"loc":{"start":{"line":37,"column":41},"end":{"line":66,"column":1}},"line":37}},"branchMap":{"0":{"loc":{"start":{"line":17,"column":8},"end":{"line":19,"column":9}},"type":"if","locations":[{"start":{"line":17,"column":8},"end":{"line":19,"column":9}},{"start":{},"end":{}}],"line":17},"1":{"loc":{"start":{"line":17,"column":12},"end":{"line":17,"column":42}},"type":"binary-expr","locations":[{"start":{"line":17,"column":12},"end":{"line":17,"column":17}},{"start":{"line":17,"column":21},"end":{"line":17,"column":30}},{"start":{"line":17,"column":34},"end":{"line":17,"column":42}}],"line":17},"2":{"loc":{"start":{"line":30,"column":8},"end":{"line":32,"column":9}},"type":"if","locations":[{"start":{"line":30,"column":8},"end":{"line":32,"column":9}},{"start":{},"end":{}}],"line":30},"3":{"loc":{"start":{"line":30,"column":12},"end":{"line":30,"column":39}},"type":"binary-expr","locations":[{"start":{"line":30,"column":12},"end":{"line":30,"column":15}},{"start":{"line":30,"column":19},"end":{"line":30,"column":39}}],"line":30},"4":{"loc":{"start":{"line":40,"column":8},"end":{"line":42,"column":9}},"type":"if","locations":[{"start":{"line":40,"column":8},"end":{"line":42,"column":9}},{"start":{},"end":{}}],"line":40},"5":{"loc":{"start":{"line":40,"column":12},"end":{"line":40,"column":30}},"type":"binary-expr","locations":[{"start":{"line":40,"column":12},"end":{"line":40,"column":17}},{"start":{"line":40,"column":21},"end":{"line":40,"column":30}}],"line":40},"6":{"loc":{"start":{"line":44,"column":8},"end":{"line":46,"column":9}},"type":"if","locations":[{"start":{"line":44,"column":8},"end":{"line":46,"column":9}},{"start":{},"end":{}}],"line":44},"7":{"loc":{"start":{"line":48,"column":8},"end":{"line":50,"column":9}},"type":"if","locations":[{"start":{"line":48,"column":8},"end":{"line":50,"column":9}},{"start":{},"end":{}}],"line":48},"8":{"loc":{"start":{"line":51,"column":8},"end":{"line":54,"column":9}},"type":"if","locations":[{"start":{"line":51,"column":8},"end":{"line":54,"column":9}},{"start":{},"end":{}}],"line":51}},"s":{"0":1,"1":1,"2":1,"3":1,"4":1,"5":1,"6":1,"7":0,"8":0,"9":1,"10":1,"11":1,"12":1,"13":0,"14":1,"15":1,"16":1,"17":0,"18":0,"19":0,"20":0,"21":1,"22":2,"23":2,"24":2,"25":0,"26":2,"27":2,"28":0,"29":2,"30":2,"31":0,"32":2,"33":0,"34":0,"35":2,"36":2,"37":2,"38":0,"39":0,"40":1},"f":{"0":1,"1":1,"2":2},"b":{"0":[0,1],"1":[1,1,1],"2":[0,0],"3":[0,0],"4":[0,2],"5":[2,2],"6":[0,2],"7":[0,2],"8":[0,2]},"_coverageSchema":"1a1c01bbd47fc00a2c39e90264f33305004495a9","hash":"e80f21b6f624431d5d837f56878772e5e63c661b"}
,"D:\\Backend\\Super_Practice\\hello-prisma\\middleware\\auth.js": {"path":"D:\\Backend\\Super_Practice\\hello-prisma\\middleware\\auth.js","statementMap":{"0":{"start":{"line":1,"column":12},"end":{"line":1,"column":35}},"1":{"start":{"line":4,"column":17},"end":{"line":4,"column":42}},"2":{"start":{"line":5,"column":2},"end":{"line":5,"column":86}},"3":{"start":{"line":5,"column":15},"end":{"line":5,"column":86}},"4":{"start":{"line":6,"column":16},"end":{"line":6,"column":71}},"5":{"start":{"line":7,"column":2},"end":{"line":14,"column":3}},"6":{"start":{"line":8,"column":20},"end":{"line":8,"column":61}},"7":{"start":{"line":9,"column":4},"end":{"line":9,"column":23}},"8":{"start":{"line":10,"column":4},"end":{"line":10,"column":18}},"9":{"start":{"line":12,"column":4},"end":{"line":12,"column":59}},"10":{"start":{"line":13,"column":4},"end":{"line":13,"column":71}},"11":{"start":{"line":17,"column":0},"end":{"line":17,"column":32}}},"fnMap":{"0":{"name":"ensureAuth","decl":{"start":{"line":3,"column":9},"end":{"line":3,"column":19}},"loc":{"start":{"line":3,"column":36},"end":{"line":15,"column":1}},"line":3}},"branchMap":{"0":{"loc":{"start":{"line":5,"column":2},"end":{"line":5,"column":86}},"type":"if","locations":[{"start":{"line":5,"column":2},"end":{"line":5,"column":86}},{"start":{},"end":{}}],"line":5},"1":{"loc":{"start":{"line":6,"column":16},"end":{"line":6,"column":71}},"type":"cond-expr","locations":[{"start":{"line":6,"column":47},"end":{"line":6,"column":62}},{"start":{"line":6,"column":65},"end":{"line":6,"column":71}}],"line":6},"2":{"loc":{"start":{"line":12,"column":39},"end":{"line":12,"column":57}},"type":"binary-expr","locations":[{"start":{"line":12,"column":39},"end":{"line":12,"column":50}},{"start":{"line":12,"column":54},"end":{"line":12,"column":57}}],"line":12}},"s":{"0":1,"1":1,"2":1,"3":0,"4":1,"5":1,"6":1,"7":1,"8":1,"9":0,"10":0,"11":1},"f":{"0":1},"b":{"0":[0,1],"1":[1,0],"2":[0,0]},"_coverageSchema":"1a1c01bbd47fc00a2c39e90264f33305004495a9","hash":"eb8304b1eb5427e6ff814d6164aa176a3c3cb09c"}
,"D:\\Backend\\Super_Practice\\hello-prisma\\routes\\schoolsRouter.js": {"path":"D:\\Backend\\Super_Practice\\hello-prisma\\routes\\schoolsRouter.js","statementMap":{"0":{"start":{"line":1,"column":16},"end":{"line":1,"column":34}},"1":{"start":{"line":2,"column":26},"end":{"line":2,"column":68}},"2":{"start":{"line":3,"column":15},"end":{"line":3,"column":31}},"3":{"start":{"line":5,"column":0},"end":{"line":5,"column":49}},"4":{"start":{"line":7,"column":0},"end":{"line":7,"column":52}},"5":{"start":{"line":9,"column":0},"end":{"line":9,"column":24}}},"fnMap":{},"branchMap":{},"s":{"0":1,"1":1,"2":1,"3":1,"4":1,"5":1},"f":{},"b":{},"_coverageSchema":"1a1c01bbd47fc00a2c39e90264f33305004495a9","hash":"cbe56eda9ccc19aee3e4d8f658e501559ad4ffab"}
,"D:\\Backend\\Super_Practice\\hello-prisma\\routes\\studentsRouter.js": {"path":"D:\\Backend\\Super_Practice\\hello-prisma\\routes\\studentsRouter.js","statementMap":{"0":{"start":{"line":1,"column":16},"end":{"line":1,"column":34}},"1":{"start":{"line":2,"column":27},"end":{"line":2,"column":71}},"2":{"start":{"line":3,"column":23},"end":{"line":3,"column":52}},"3":{"start":{"line":4,"column":15},"end":{"line":4,"column":31}},"4":{"start":{"line":7,"column":0},"end":{"line":7,"column":55}},"5":{"start":{"line":8,"column":0},"end":{"line":8,"column":62}},"6":{"start":{"line":11,"column":0},"end":{"line":11,"column":23}},"7":{"start":{"line":13,"column":0},"end":{"line":13,"column":51}},"8":{"start":{"line":15,"column":0},"end":{"line":15,"column":24}}},"fnMap":{},"branchMap":{},"s":{"0":1,"1":1,"2":1,"3":1,"4":1,"5":1,"6":1,"7":1,"8":1},"f":{},"b":{},"_coverageSchema":"1a1c01bbd47fc00a2c39e90264f33305004495a9","hash":"ba5c2f5a582a3eefd4acadf4421902d0ec2dd874"}
}
