TN:
SF:app.js
FN:37,(anonymous_0)
FN:48,(anonymous_1)
FN:60,(anonymous_2)
FNF:3
FNH:1
FNDA:0,(anonymous_0)
FNDA:4,(anonymous_1)
FNDA:0,(anonymous_2)
DA:2,1
DA:4,1
DA:6,1
DA:8,1
DA:11,1
DA:12,1
DA:13,1
DA:14,1
DA:17,1
DA:18,0
DA:22,1
DA:24,1
DA:26,1
DA:29,1
DA:31,1
DA:38,0
DA:46,1
DA:48,1
DA:49,4
DA:50,3
DA:52,1
DA:53,1
DA:55,0
DA:57,1
DA:60,1
DA:61,0
DA:65,1
DA:69,1
DA:71,1
LF:29
LH:25
BRDA:17,0,0,0
BRDA:17,0,1,1
BRDA:49,1,0,3
BRDA:49,1,1,1
BRDA:49,2,0,4
BRDA:49,2,1,2
BRDA:52,3,0,1
BRDA:52,3,1,0
BRF:8
BRH:6
end_of_record
TN:
SF:prismaClient.js
FNF:0
FNH:0
DA:1,1
DA:2,1
DA:3,1
DA:5,1
DA:6,0
DA:9,1
DA:10,1
DA:12,1
LF:8
LH:7
BRDA:5,0,0,0
BRDA:5,0,1,1
BRF:2
BRH:1
end_of_record
TN:
SF:controllers\schoolController.js
FN:3,(anonymous_0)
FN:7,(anonymous_1)
FNF:2
FNH:0
FNDA:0,(anonymous_0)
FNDA:0,(anonymous_1)
DA:1,1
DA:3,1
DA:4,0
DA:5,0
DA:7,1
DA:8,0
DA:11,0
DA:13,1
LF:8
LH:4
BRF:0
BRH:0
end_of_record
TN:
SF:controllers\studentsController.js
FN:5,(anonymous_0)
FN:14,(anonymous_1)
FN:37,(anonymous_2)
FNF:3
FNH:3
FNDA:1,(anonymous_0)
FNDA:1,(anonymous_1)
FNDA:2,(anonymous_2)
DA:1,1
DA:2,1
DA:3,1
DA:5,1
DA:6,1
DA:7,1
DA:8,1
DA:10,0
DA:11,0
DA:14,1
DA:15,1
DA:16,1
DA:17,1
DA:18,0
DA:20,1
DA:21,1
DA:28,1
DA:30,0
DA:31,0
DA:33,0
DA:34,0
DA:37,1
DA:38,2
DA:39,2
DA:40,2
DA:41,0
DA:43,2
DA:44,2
DA:45,0
DA:47,2
DA:48,2
DA:49,0
DA:51,2
DA:52,0
DA:53,0
DA:55,2
DA:60,2
DA:61,2
DA:63,0
DA:64,0
DA:67,1
LF:41
LH:27
BRDA:17,0,0,0
BRDA:17,0,1,1
BRDA:17,1,0,1
BRDA:17,1,1,1
BRDA:17,1,2,1
BRDA:30,2,0,0
BRDA:30,2,1,0
BRDA:30,3,0,0
BRDA:30,3,1,0
BRDA:40,4,0,0
BRDA:40,4,1,2
BRDA:40,5,0,2
BRDA:40,5,1,2
BRDA:44,6,0,0
BRDA:44,6,1,2
BRDA:48,7,0,0
BRDA:48,7,1,2
BRDA:51,8,0,0
BRDA:51,8,1,2
BRF:19
BRH:10
end_of_record
TN:
SF:middleware\auth.js
FN:3,ensureAuth
FNF:1
FNH:1
FNDA:1,ensureAuth
DA:1,1
DA:4,1
DA:5,1
DA:6,1
DA:7,1
DA:8,1
DA:9,1
DA:10,1
DA:12,0
DA:13,0
DA:17,1
LF:11
LH:9
BRDA:5,0,0,0
BRDA:5,0,1,1
BRDA:6,1,0,1
BRDA:6,1,1,0
BRDA:12,2,0,0
BRDA:12,2,1,0
BRF:6
BRH:2
end_of_record
TN:
SF:routes\schoolsRouter.js
FNF:0
FNH:0
DA:1,1
DA:2,1
DA:3,1
DA:5,1
DA:7,1
DA:9,1
LF:6
LH:6
BRF:0
BRH:0
end_of_record
TN:
SF:routes\studentsRouter.js
FNF:0
FNH:0
DA:1,1
DA:2,1
DA:3,1
DA:4,1
DA:7,1
DA:8,1
DA:11,1
DA:13,1
DA:15,1
LF:9
LH:9
BRF:0
BRH:0
end_of_record
